  [1m[35m (478.1ms)[0m  [1m[35mCREATE DATABASE "ninety_nine_cats_development" ENCODING = 'unicode'[0m
  [1m[35m (139.8ms)[0m  [1m[35mCREATE DATABASE "ninety_nine_cats_test" ENCODING = 'unicode'[0m
  [1m[35m (13.3ms)[0m  [1m[35mCREATE TABLE "schema_migrations" ("version" character varying NOT NULL PRIMARY KEY)[0m
  [1m[35m (3.0ms)[0m  [1m[35mCREATE TABLE "ar_internal_metadata" ("key" character varying NOT NULL PRIMARY KEY, "value" character varying, "created_at" timestamp(6) NOT NULL, "updated_at" timestamp(6) NOT NULL)[0m
  [1m[35m (0.4ms)[0m  [1m[34mSELECT pg_try_advisory_lock(723150122408807205)[0m
  [1m[36mActiveRecord::SchemaMigration Pluck (1.6ms)[0m  [1m[34mSELECT "schema_migrations"."version" FROM "schema_migrations" ORDER BY "schema_migrations"."version" ASC[0m
Migrating to CreateCats (20230113220310)
  [1m[35m (0.3ms)[0m  [1m[34mSELECT pg_advisory_unlock(723150122408807205)[0m
  [1m[35m (0.2ms)[0m  [1m[34mSELECT pg_try_advisory_lock(723150122408807205)[0m
  [1m[36mActiveRecord::SchemaMigration Pluck (0.7ms)[0m  [1m[34mSELECT "schema_migrations"."version" FROM "schema_migrations" ORDER BY "schema_migrations"."version" ASC[0m
Migrating to CreateCats (20230113220310)
  [1m[35m (1.0ms)[0m  [1m[34mSELECT pg_advisory_unlock(723150122408807205)[0m
  [1m[35m (0.2ms)[0m  [1m[34mSELECT pg_try_advisory_lock(723150122408807205)[0m
  [1m[36mActiveRecord::SchemaMigration Pluck (0.6ms)[0m  [1m[34mSELECT "schema_migrations"."version" FROM "schema_migrations" ORDER BY "schema_migrations"."version" ASC[0m
Migrating to CreateCats (20230113220310)
  [1m[36mTRANSACTION (0.2ms)[0m  [1m[35mBEGIN[0m
  [1m[35m (17.6ms)[0m  [1m[35mCREATE TABLE "cats" ("id" bigserial primary key, "birth_date" date NOT NULL, "color" character varying NOT NULL, "name" character varying NOT NULL, "sex" character varying(1) NOT NULL, "description" text, "created_at" timestamp(6) NOT NULL, "updated_at" timestamp(6) NOT NULL)[0m
  [1m[36mActiveRecord::SchemaMigration Create (4.6ms)[0m  [1m[32mINSERT INTO "schema_migrations" ("version") VALUES ($1) RETURNING "version"[0m  [["version", "20230113220310"]]
  [1m[36mTRANSACTION (0.6ms)[0m  [1m[35mCOMMIT[0m
  [1m[36mActiveRecord::InternalMetadata Load (0.6ms)[0m  [1m[34mSELECT "ar_internal_metadata".* FROM "ar_internal_metadata" WHERE "ar_internal_metadata"."key" = $1 LIMIT $2[0m  [["key", "environment"], ["LIMIT", 1]]
  [1m[36mTRANSACTION (0.4ms)[0m  [1m[35mBEGIN[0m
  [1m[36mActiveRecord::InternalMetadata Create (1.6ms)[0m  [1m[32mINSERT INTO "ar_internal_metadata" ("key", "value", "created_at", "updated_at") VALUES ($1, $2, $3, $4) RETURNING "key"[0m  [["key", "environment"], ["value", "development"], ["created_at", "2023-01-13 22:07:06.136634"], ["updated_at", "2023-01-13 22:07:06.136634"]]
  [1m[36mTRANSACTION (0.8ms)[0m  [1m[35mCOMMIT[0m
  [1m[35m (0.2ms)[0m  [1m[34mSELECT pg_advisory_unlock(723150122408807205)[0m
  [1m[36mActiveRecord::SchemaMigration Pluck (1.7ms)[0m  [1m[34mSELECT "schema_migrations"."version" FROM "schema_migrations" ORDER BY "schema_migrations"."version" ASC[0m
  [1m[36mActiveRecord::SchemaMigration Pluck (0.6ms)[0m  [1m[34mSELECT "schema_migrations"."version" FROM "schema_migrations" ORDER BY "schema_migrations"."version" ASC[0m
  [1m[36mTRANSACTION (4.7ms)[0m  [1m[35mBEGIN[0m
  [1m[36mCat Create (1.6ms)[0m  [1m[32mINSERT INTO "cats" ("birth_date", "color", "name", "sex", "description", "created_at", "updated_at") VALUES ($1, $2, $3, $4, $5, $6, $7) RETURNING "id"[0m  [["birth_date", "2000-01-01"], ["color", "Black"], ["name", "David"], ["sex", "M"], ["description", nil], ["created_at", "2023-01-13 22:36:51.836230"], ["updated_at", "2023-01-13 22:36:51.836230"]]
  [1m[36mTRANSACTION (2.1ms)[0m  [1m[35mCOMMIT[0m
  [1m[36mCat Load (0.9ms)[0m  [1m[34mSELECT "cats".* FROM "cats"[0m
  [1m[36mCat Load (0.8ms)[0m  [1m[34mSELECT "cats".* FROM "cats"[0m
  [1m[36mTRANSACTION (1.0ms)[0m  [1m[35mBEGIN[0m
  [1m[36mCat Create (1.3ms)[0m  [1m[32mINSERT INTO "cats" ("birth_date", "color", "name", "sex", "description", "created_at", "updated_at") VALUES ($1, $2, $3, $4, $5, $6, $7) RETURNING "id"[0m  [["birth_date", "2000-01-01"], ["color", "Black"], ["name", "David"], ["sex", "M"], ["description", "The best cat in the world"], ["created_at", "2023-01-13 22:49:22.829600"], ["updated_at", "2023-01-13 22:49:22.829600"]]
  [1m[36mTRANSACTION (1.0ms)[0m  [1m[35mCOMMIT[0m
  [1m[36mCat Load (1.2ms)[0m  [1m[34mSELECT "cats".* FROM "cats"[0m
Started GET "/" for ::1 at 2023-01-13 16:34:47 -0800
  [1m[36mActiveRecord::SchemaMigration Pluck (6.5ms)[0m  [1m[34mSELECT "schema_migrations"."version" FROM "schema_migrations" ORDER BY "schema_migrations"."version" ASC[0m
Processing by CatsController#index as HTML
  Rendering layout layouts/application.html.erb
  Rendering cats/index.html.erb within layouts/application
  [1m[36mCat Load (1.0ms)[0m  [1m[34mSELECT "cats".* FROM "cats"[0m
  ↳ app/views/cats/index.html.erb:4
  Rendered cats/index.html.erb within layouts/application (Duration: 32.0ms | Allocations: 7220)
  Rendered layout layouts/application.html.erb (Duration: 67.7ms | Allocations: 13771)
Completed 200 OK in 88ms (Views: 69.3ms | ActiveRecord: 10.3ms | Allocations: 17141)


Started GET "/cats" for ::1 at 2023-01-13 16:35:06 -0800
Processing by CatsController#index as HTML
  Rendering layout layouts/application.html.erb
  Rendering cats/index.html.erb within layouts/application
  [1m[36mCat Load (1.3ms)[0m  [1m[34mSELECT "cats".* FROM "cats"[0m
  ↳ app/views/cats/index.html.erb:4
  Rendered cats/index.html.erb within layouts/application (Duration: 3.9ms | Allocations: 823)
  Rendered layout layouts/application.html.erb (Duration: 6.8ms | Allocations: 1981)
Completed 200 OK in 7ms (Views: 6.0ms | ActiveRecord: 1.3ms | Allocations: 2233)


Started GET "/cats/1" for ::1 at 2023-01-13 16:37:02 -0800
Processing by CatsController#show as HTML
  Parameters: {"id"=>"1"}
  [1m[36mCat Load (0.6ms)[0m  [1m[34mSELECT "cats".* FROM "cats" WHERE "cats"."id" = $1 LIMIT $2[0m  [["id", 1], ["LIMIT", 1]]
  ↳ app/controllers/cats_controller.rb:23:in `show'
  Rendering layout layouts/application.html.erb
  Rendering cats/show.html.erb within layouts/application
  Rendered cats/show.html.erb within layouts/application (Duration: 1.3ms | Allocations: 201)
  Rendered layout layouts/application.html.erb (Duration: 5.6ms | Allocations: 1479)
Completed 200 OK in 31ms (Views: 15.4ms | ActiveRecord: 3.1ms | Allocations: 5353)


Started GET "/cats/2" for ::1 at 2023-01-13 16:37:18 -0800
Processing by CatsController#show as HTML
  Parameters: {"id"=>"2"}
  [1m[36mCat Load (2.6ms)[0m  [1m[34mSELECT "cats".* FROM "cats" WHERE "cats"."id" = $1 LIMIT $2[0m  [["id", 2], ["LIMIT", 1]]
  ↳ app/controllers/cats_controller.rb:23:in `show'
  Rendering layout layouts/application.html.erb
  Rendering cats/show.html.erb within layouts/application
  Rendered cats/show.html.erb within layouts/application (Duration: 0.2ms | Allocations: 26)
  Rendered layout layouts/application.html.erb (Duration: 15.2ms | Allocations: 1136)
Completed 200 OK in 24ms (Views: 16.5ms | ActiveRecord: 2.6ms | Allocations: 1849)


Started GET "/cats/2" for ::1 at 2023-01-13 16:38:12 -0800
Processing by CatsController#show as HTML
  Parameters: {"id"=>"2"}
  [1m[36mCat Load (9.2ms)[0m  [1m[34mSELECT "cats".* FROM "cats" WHERE (2) LIMIT $1[0m  [["LIMIT", 1]]
  ↳ app/controllers/cats_controller.rb:23:in `show'
Completed 500 Internal Server Error in 22ms (ActiveRecord: 9.2ms | Allocations: 3308)



ActiveRecord::StatementInvalid - PG::DatatypeMismatch: ERROR:  argument of WHERE must be type boolean, not type integer
LINE 1: SELECT "cats".* FROM "cats" WHERE (2) LIMIT $1
                                           ^:
  app/controllers/cats_controller.rb:23:in `show'

Started POST "/__better_errors/31a17e016ecf359c/variables" for ::1 at 2023-01-13 16:38:12 -0800
Started GET "/cats/2" for ::1 at 2023-01-13 16:40:20 -0800
Processing by CatsController#show as HTML
  Parameters: {"id"=>"2"}
  [1m[36mCat Load (0.3ms)[0m  [1m[34mSELECT "cats".* FROM "cats" WHERE "cats"."id" = $1 LIMIT $2[0m  [["id", 2], ["LIMIT", 1]]
  ↳ app/controllers/cats_controller.rb:23:in `show'
  Rendering layout layouts/application.html.erb
  Rendering cats/show.html.erb within layouts/application
  Rendered cats/show.html.erb within layouts/application (Duration: 0.1ms | Allocations: 49)
  Rendered layout layouts/application.html.erb (Duration: 6.4ms | Allocations: 1448)
Completed 200 OK in 22ms (Views: 7.2ms | ActiveRecord: 5.3ms | Allocations: 6789)


Started GET "/cats" for ::1 at 2023-01-13 16:40:56 -0800
Processing by CatsController#index as HTML
  Rendering layout layouts/application.html.erb
  Rendering cats/index.html.erb within layouts/application
  [1m[36mCat Load (1.0ms)[0m  [1m[34mSELECT "cats".* FROM "cats"[0m
  ↳ app/views/cats/index.html.erb:4
  Rendered cats/index.html.erb within layouts/application (Duration: 4.5ms | Allocations: 873)
  Rendered layout layouts/application.html.erb (Duration: 8.6ms | Allocations: 1997)
Completed 200 OK in 14ms (Views: 9.3ms | ActiveRecord: 1.0ms | Allocations: 2231)


Started GET "/cats" for ::1 at 2023-01-13 16:43:40 -0800
Processing by CatsController#index as HTML
  Rendering layout layouts/application.html.erb
  Rendering cats/index.html.erb within layouts/application
  [1m[36mCat Load (2.6ms)[0m  [1m[34mSELECT "cats".* FROM "cats"[0m
  ↳ app/views/cats/index.html.erb:4
  Rendered cats/index.html.erb within layouts/application (Duration: 8.0ms | Allocations: 1111)
  Rendered layout layouts/application.html.erb (Duration: 11.6ms | Allocations: 2624)
Completed 200 OK in 15ms (Views: 12.1ms | ActiveRecord: 2.6ms | Allocations: 3302)


Started GET "/cats/1" for ::1 at 2023-01-13 16:43:44 -0800
Processing by CatsController#show as HTML
  Parameters: {"id"=>"1"}
  [1m[36mCat Load (0.8ms)[0m  [1m[34mSELECT "cats".* FROM "cats" WHERE "cats"."id" = $1 LIMIT $2[0m  [["id", 1], ["LIMIT", 1]]
  ↳ app/controllers/cats_controller.rb:23:in `show'
  Rendering layout layouts/application.html.erb
  Rendering cats/show.html.erb within layouts/application
  Rendered cats/show.html.erb within layouts/application (Duration: 0.4ms | Allocations: 175)
  Rendered layout layouts/application.html.erb (Duration: 3.2ms | Allocations: 1293)
Completed 200 OK in 7ms (Views: 4.1ms | ActiveRecord: 0.8ms | Allocations: 2089)


Started GET "/cats/1" for ::1 at 2023-01-13 16:43:57 -0800
Processing by CatsController#show as HTML
  Parameters: {"id"=>"1"}
  [1m[36mCat Load (2.0ms)[0m  [1m[34mSELECT "cats".* FROM "cats" WHERE "cats"."id" = $1 LIMIT $2[0m  [["id", 1], ["LIMIT", 1]]
  ↳ app/controllers/cats_controller.rb:23:in `show'
  Rendering layout layouts/application.html.erb
  Rendering cats/show.html.erb within layouts/application
  Rendered cats/show.html.erb within layouts/application (Duration: 0.4ms | Allocations: 208)
  Rendered layout layouts/application.html.erb (Duration: 3.5ms | Allocations: 1741)
Completed 200 OK in 12ms (Views: 5.4ms | ActiveRecord: 2.0ms | Allocations: 2919)


Started GET "/cats/2" for ::1 at 2023-01-13 16:44:02 -0800
Processing by CatsController#show as HTML
  Parameters: {"id"=>"2"}
  [1m[36mCat Load (0.6ms)[0m  [1m[34mSELECT "cats".* FROM "cats" WHERE "cats"."id" = $1 LIMIT $2[0m  [["id", 2], ["LIMIT", 1]]
  ↳ app/controllers/cats_controller.rb:23:in `show'
  Rendering layout layouts/application.html.erb
  Rendering cats/show.html.erb within layouts/application
  Rendered cats/show.html.erb within layouts/application (Duration: 0.1ms | Allocations: 26)
  Rendered layout layouts/application.html.erb (Duration: 3.0ms | Allocations: 1151)
Completed 200 OK in 8ms (Views: 4.3ms | ActiveRecord: 0.6ms | Allocations: 1931)


Started GET "/cats/2" for ::1 at 2023-01-13 16:48:46 -0800
Processing by CatsController#show as HTML
  Parameters: {"id"=>"2"}
  [1m[36mCat Load (1.6ms)[0m  [1m[34mSELECT "cats".* FROM "cats" WHERE "cats"."id" = $1 LIMIT $2[0m  [["id", 2], ["LIMIT", 1]]
  ↳ app/controllers/cats_controller.rb:23:in `show'
  Rendering layout layouts/application.html.erb
  Rendering cats/show.html.erb within layouts/application
  Rendered cats/show.html.erb within layouts/application (Duration: 1.2ms | Allocations: 206)
  Rendered layout layouts/application.html.erb (Duration: 5.1ms | Allocations: 1716)
Completed 200 OK in 11ms (Views: 7.9ms | ActiveRecord: 1.6ms | Allocations: 2895)


Started GET "/cats" for ::1 at 2023-01-13 16:48:49 -0800
Processing by CatsController#index as HTML
  Rendering layout layouts/application.html.erb
  Rendering cats/index.html.erb within layouts/application
  [1m[36mCat Load (0.6ms)[0m  [1m[34mSELECT "cats".* FROM "cats"[0m
  ↳ app/views/cats/index.html.erb:4
  Rendered cats/index.html.erb within layouts/application (Duration: 3.8ms | Allocations: 1038)
  Rendered layout layouts/application.html.erb (Duration: 6.2ms | Allocations: 2177)
Completed 200 OK in 7ms (Views: 6.3ms | ActiveRecord: 0.6ms | Allocations: 2452)


Started GET "/cats/new" for ::1 at 2023-01-13 16:52:24 -0800
Processing by CatsController#new as HTML
  Rendering layout layouts/application.html.erb
  Rendering cats/new.html.erb within layouts/application
  Rendered cats/new.html.erb within layouts/application (Duration: 10.5ms | Allocations: 6200)
  Rendered layout layouts/application.html.erb (Duration: 10.8ms | Allocations: 6297)
Completed 500 Internal Server Error in 13ms (ActiveRecord: 0.0ms | Allocations: 7011)



NameError - undefined local variable or method `cat' for #<ActionView::Base:0x00000000006220>
Did you mean?  @cat:
  app/views/cats/new.html.erb:5
  app/controllers/cats_controller.rb:5:in `new'

Started POST "/__better_errors/2b79580cd625bc69/variables" for ::1 at 2023-01-13 16:52:24 -0800
Started GET "/cats/new" for ::1 at 2023-01-13 16:52:54 -0800
Processing by CatsController#new as HTML
  Rendering layout layouts/application.html.erb
  Rendering cats/new.html.erb within layouts/application
  Rendered cats/new.html.erb within layouts/application (Duration: 7.2ms | Allocations: 5345)
  Rendered layout layouts/application.html.erb (Duration: 7.4ms | Allocations: 5433)
Completed 500 Internal Server Error in 9ms (ActiveRecord: 0.0ms | Allocations: 6134)



NameError - undefined local variable or method `cat' for #<ActionView::Base:0x00000000006338>
Did you mean?  @cat:
  app/views/cats/new.html.erb:25
  app/controllers/cats_controller.rb:5:in `new'

Started POST "/__better_errors/9a313e390e03ce60/variables" for ::1 at 2023-01-13 16:52:54 -0800
Started GET "/cats/new" for ::1 at 2023-01-13 16:53:10 -0800
Processing by CatsController#new as HTML
  Rendering layout layouts/application.html.erb
  Rendering cats/new.html.erb within layouts/application
  Rendered cats/new.html.erb within layouts/application (Duration: 0.7ms | Allocations: 251)
  Rendered layout layouts/application.html.erb (Duration: 6.6ms | Allocations: 1787)
Completed 200 OK in 9ms (Views: 9.2ms | ActiveRecord: 0.0ms | Allocations: 2508)


